0 info it worked if it ends with ok
1 verbose cli [ '/usr/local/bin/node',
1 verbose cli   '/usr/local/bin/npm',
1 verbose cli   'run',
1 verbose cli   'server-dev' ]
2 info using npm@3.10.10
3 info using node@v6.11.4
4 verbose run-script [ 'preserver-dev', 'server-dev', 'postserver-dev' ]
5 info lifecycle seeker@1.0.0~preserver-dev: seeker@1.0.0
6 silly lifecycle seeker@1.0.0~preserver-dev: no script for preserver-dev, continuing
7 info lifecycle seeker@1.0.0~server-dev: seeker@1.0.0
8 verbose lifecycle seeker@1.0.0~server-dev: unsafe-perm in lifecycle true
9 verbose lifecycle seeker@1.0.0~server-dev: PATH: /usr/local/lib/node_modules/npm/bin/node-gyp-bin:/Users/adammateo/Desktop/development/projects/Thesis/Seeker/node_modules/.bin:/usr/local/git/bin:/usr/local/git/bin:/usr/local/git/bin:/usr/local/bin:/usr/bin:/bin:/usr/sbin:/sbin
10 verbose lifecycle seeker@1.0.0~server-dev: CWD: /Users/adammateo/Desktop/development/projects/Thesis/Seeker
11 silly lifecycle seeker@1.0.0~server-dev: Args: [ '-c', 'node server/index.js' ]
12 silly lifecycle seeker@1.0.0~server-dev: Returned: code: 1  signal: null
13 info lifecycle seeker@1.0.0~server-dev: Failed to exec server-dev script
14 verbose stack Error: seeker@1.0.0 server-dev: `node server/index.js`
14 verbose stack Exit status 1
14 verbose stack     at EventEmitter.<anonymous> (/usr/local/lib/node_modules/npm/lib/utils/lifecycle.js:255:16)
14 verbose stack     at emitTwo (events.js:106:13)
14 verbose stack     at EventEmitter.emit (events.js:191:7)
14 verbose stack     at ChildProcess.<anonymous> (/usr/local/lib/node_modules/npm/lib/utils/spawn.js:40:14)
14 verbose stack     at emitTwo (events.js:106:13)
14 verbose stack     at ChildProcess.emit (events.js:191:7)
14 verbose stack     at maybeClose (internal/child_process.js:920:16)
14 verbose stack     at Process.ChildProcess._handle.onexit (internal/child_process.js:230:5)
15 verbose pkgid seeker@1.0.0
16 verbose cwd /Users/adammateo/Desktop/development/projects/Thesis/Seeker
17 error Darwin 16.6.0
18 error argv "/usr/local/bin/node" "/usr/local/bin/npm" "run" "server-dev"
19 error node v6.11.4
20 error npm  v3.10.10
21 error code ELIFECYCLE
22 error seeker@1.0.0 server-dev: `node server/index.js`
22 error Exit status 1
23 error Failed at the seeker@1.0.0 server-dev script 'node server/index.js'.
23 error Make sure you have the latest version of node.js and npm installed.
23 error If you do, this is most likely a problem with the seeker package,
23 error not with npm itself.
23 error Tell the author that this fails on your system:
23 error     node server/index.js
23 error You can get information on how to open an issue for this project with:
23 error     npm bugs seeker
23 error Or if that isn't available, you can get their info via:
23 error     npm owner ls seeker
23 error There is likely additional logging output above.
24 verbose exit [ 1, true ]
